2016-04-05 10:27:55.060 [main] INFO  c.i.b.b.u.ApplicationLoggingConfig - configure - application logging configured
2016-04-05 10:27:55.063 [main] INFO  c.i.builder.bootstrap.ui.SwtUI - loopSWTDispatch - Starting the event loop dispatch
2016-04-05 10:27:55.064 [Thread-2] INFO  c.i.b.bootstrap.BootstrapApplication - onStart - starting bootstrap, version:- 1.0.0.20150715115244
2016-04-05 10:27:55.064 [Thread-2] INFO  c.i.b.bootstrap.BootstrapApplication - onStart - running launch configurer
2016-04-05 10:27:55.070 [Thread-2] INFO  c.i.b.bootstrap.LaunchConfigurer - configure - launcher config is:- /Users/lucywilliams/Desktop/import.io.app/Contents/MacOS/import.io.ini
2016-04-05 10:27:55.081 [Thread-2] INFO  c.i.b.bootstrap.BootstrapApplication - onStart - running updater
2016-04-05 10:27:55.084 [Thread-2] INFO  c.importio.builder.bootstrap.Updater - initialBundleSetup - app-dir:- /Users/lucywilliams/Desktop/import.io.app/Contents/Resources/Java
2016-04-05 10:27:55.085 [Thread-2] INFO  c.i.b.bootstrap.utils.NetworkUtils - setupSystemProxy - detecting proxies
2016-04-05 10:27:55.088 [Thread-2] INFO  c.i.b.bootstrap.utils.NetworkUtils - setupSystemProxy - proxy type : DIRECT
2016-04-05 10:27:55.089 [Thread-2] INFO  c.i.b.bootstrap.utils.NetworkUtils - setupSystemProxy - No Proxy, direct connection
2016-04-05 10:27:55.095 [Thread-2] INFO  c.importio.builder.bootstrap.Updater - uninstallAndDeletePlugins - Used bundles: [joda-time_2.7.0, org.eclipse.equinox.launcher_1.3.100.v20150511-1540, org.eclipse.equinox.frameworkadmin_2.0.200.v20150423-1455, com.importio.builder.bootstrap_1.0.0.20150715115244, com.google.guava_15.0.0, com.springsource.org.apache.xml.resolver_1.2.0, com.importio.systembundle_1.0.0.20150306155554, org.eclipse.equinox.app_1.3.300.v20150423-1356, com.fasterxml.jackson.core.jackson-core_2.5.1, javax.inject_1.0.0.v20091030, org.eclipse.swt_3.104.0.v20150528-0211, com.springsource.org.apache.commons.io_1.4.0, projectlombok_1.16.0, com.importio.builder_1.0.1.1437144645, org.slf4j.log4j_1.6.4, org.eclipse.core.runtime_3.11.0.v20150405-1723, osgi.enterprise_4.2.0.v201108120515, com.fasterxml.jackson.core.jackson-databind_2.5.1, org.eclipse.core.jobs_3.7.0.v20150330-2103, org.eclipse.equinox.frameworkadmin.equinox_1.0.600.v20150522-2234, org.eclipse.equinox.common_3.7.0.v20150402-1709, org.h2_1.3.172, nu.validator.htmlparser_1.0.0.20150326135404, org.eclipse.equinox.preferences_3.5.300.v20150408-1437, org.eclipse.equinox.launcher.cocoa.macosx.x86_64_1.1.300.v20150602-1417, org.eclipse.swt.cocoa.macosx.x86_64_3.104.0.v20150528-0211, com.fasterxml.jackson.datatype.jackson-datatype-guava_2.2.2, org.apache.httpcomponents.httpcore_4.3.2, ch.qos.logback.classic_1.0.0.v20111214-2030, ch.qos.logback.slf4j_1.0.0.v20120123-1500, net.sf.jtidy_1.0.0, com.fasterxml.jackson.core.jackson-annotations_2.5.1, jrobotx_0.2.0, net.javacrumbs.json2xml_4.1.0, org.apache.commons.lang_2.4.0, org.eclipse.osgi_3.10.100.v20150529-1857, com.importio.builder.logging_1.0.1.20150319160206, org.eclipse.equinox.registry_3.6.0.v20150318-1503, org.apache.servicemix.bundles.saxon_9.5.1.1_1, org.eclipse.core.contenttype_3.5.0.v20150421-2214, javax.servlet_3.1.0.v201410161800, org.slf4j.api_1.6.4, ch.qos.logback.core_1.0.0.v20111214-2030]
2016-04-05 10:27:55.095 [Thread-2] INFO  c.importio.builder.bootstrap.Updater - uninstallAndDeletePlugins - Checking if ch.qos.logback.classic_1.0.0.v20111214-2030.jar required
2016-04-05 10:27:55.095 [Thread-2] INFO  c.importio.builder.bootstrap.Updater - uninstallAndDeletePlugins - Checking if ch.qos.logback.core_1.0.0.v20111214-2030.jar required
2016-04-05 10:27:55.096 [Thread-2] INFO  c.importio.builder.bootstrap.Updater - uninstallAndDeletePlugins - Checking if ch.qos.logback.slf4j_1.0.0.v20120123-1500.jar required
2016-04-05 10:27:55.096 [Thread-2] INFO  c.importio.builder.bootstrap.Updater - uninstallAndDeletePlugins - Checking if com.fasterxml.jackson.core.jackson-annotations_2.5.1.jar required
2016-04-05 10:27:55.096 [Thread-2] INFO  c.importio.builder.bootstrap.Updater - uninstallAndDeletePlugins - Checking if com.fasterxml.jackson.core.jackson-core_2.5.1.jar required
2016-04-05 10:27:55.096 [Thread-2] INFO  c.importio.builder.bootstrap.Updater - uninstallAndDeletePlugins - Checking if com.fasterxml.jackson.core.jackson-databind_2.5.1.jar required
2016-04-05 10:27:55.097 [Thread-2] INFO  c.importio.builder.bootstrap.Updater - uninstallAndDeletePlugins - Checking if com.fasterxml.jackson.datatype.jackson-datatype-guava_2.2.2.jar required
2016-04-05 10:27:55.097 [Thread-2] INFO  c.importio.builder.bootstrap.Updater - uninstallAndDeletePlugins - Checking if com.google.guava_15.0.0.jar required
2016-04-05 10:27:55.097 [Thread-2] INFO  c.importio.builder.bootstrap.Updater - uninstallAndDeletePlugins - Checking if com.importio.builder.bootstrap_1.0.0.20150715115244.jar required
2016-04-05 10:27:55.097 [Thread-2] INFO  c.importio.builder.bootstrap.Updater - uninstallAndDeletePlugins - Checking if com.importio.builder.logging_1.0.1.20150319160206.jar required
2016-04-05 10:27:55.097 [Thread-2] INFO  c.importio.builder.bootstrap.Updater - uninstallAndDeletePlugins - Checking if com.importio.builder_1.0.1.1437144645.jar required
2016-04-05 10:27:55.097 [Thread-2] INFO  c.importio.builder.bootstrap.Updater - uninstallAndDeletePlugins - Checking if com.importio.systembundle_1.0.0.20150306155554.jar required
2016-04-05 10:27:55.098 [Thread-2] INFO  c.importio.builder.bootstrap.Updater - uninstallAndDeletePlugins - Checking if com.springsource.org.apache.commons.io_1.4.0.jar required
2016-04-05 10:27:55.098 [Thread-2] INFO  c.importio.builder.bootstrap.Updater - uninstallAndDeletePlugins - Checking if com.springsource.org.apache.xml.resolver_1.2.0.jar required
2016-04-05 10:27:55.098 [Thread-2] INFO  c.importio.builder.bootstrap.Updater - uninstallAndDeletePlugins - Checking if javax.inject_1.0.0.v20091030.jar required
2016-04-05 10:27:55.098 [Thread-2] INFO  c.importio.builder.bootstrap.Updater - uninstallAndDeletePlugins - Checking if javax.servlet_3.1.0.v201410161800.jar required
2016-04-05 10:27:55.099 [Thread-2] INFO  c.importio.builder.bootstrap.Updater - uninstallAndDeletePlugins - Checking if joda-time_2.7.0.jar required
2016-04-05 10:27:55.099 [Thread-2] INFO  c.importio.builder.bootstrap.Updater - uninstallAndDeletePlugins - Checking if jrobotx_0.2.0.jar required
2016-04-05 10:27:55.099 [Thread-2] INFO  c.importio.builder.bootstrap.Updater - uninstallAndDeletePlugins - Checking if net.javacrumbs.json2xml_4.1.0.jar required
2016-04-05 10:27:55.099 [Thread-2] INFO  c.importio.builder.bootstrap.Updater - uninstallAndDeletePlugins - Checking if net.sf.jtidy_1.0.0.jar required
2016-04-05 10:27:55.099 [Thread-2] INFO  c.importio.builder.bootstrap.Updater - uninstallAndDeletePlugins - Checking if nu.validator.htmlparser_1.0.0.20150326135404.jar required
2016-04-05 10:27:55.100 [Thread-2] INFO  c.importio.builder.bootstrap.Updater - uninstallAndDeletePlugins - Checking if org.apache.commons.lang_2.4.0 required
2016-04-05 10:27:55.100 [Thread-2] INFO  c.importio.builder.bootstrap.Updater - uninstallAndDeletePlugins - Checking if org.apache.httpcomponents.httpcore_4.3.2.jar required
2016-04-05 10:27:55.100 [Thread-2] INFO  c.importio.builder.bootstrap.Updater - uninstallAndDeletePlugins - Checking if org.apache.servicemix.bundles.saxon_9.5.1.1_1.jar required
2016-04-05 10:27:55.100 [Thread-2] INFO  c.importio.builder.bootstrap.Updater - uninstallAndDeletePlugins - Checking if org.eclipse.core.contenttype_3.5.0.v20150421-2214.jar required
2016-04-05 10:27:55.100 [Thread-2] INFO  c.importio.builder.bootstrap.Updater - uninstallAndDeletePlugins - Checking if org.eclipse.core.jobs_3.7.0.v20150330-2103.jar required
2016-04-05 10:27:55.100 [Thread-2] INFO  c.importio.builder.bootstrap.Updater - uninstallAndDeletePlugins - Checking if org.eclipse.core.runtime_3.11.0.v20150405-1723.jar required
2016-04-05 10:27:55.100 [Thread-2] INFO  c.importio.builder.bootstrap.Updater - uninstallAndDeletePlugins - Checking if org.eclipse.equinox.app_1.3.300.v20150423-1356.jar required
2016-04-05 10:27:55.101 [Thread-2] INFO  c.importio.builder.bootstrap.Updater - uninstallAndDeletePlugins - Checking if org.eclipse.equinox.common_3.7.0.v20150402-1709.jar required
2016-04-05 10:27:55.101 [Thread-2] INFO  c.importio.builder.bootstrap.Updater - uninstallAndDeletePlugins - Checking if org.eclipse.equinox.frameworkadmin.equinox_1.0.600.v20150522-2234.jar required
2016-04-05 10:27:55.101 [Thread-2] INFO  c.importio.builder.bootstrap.Updater - uninstallAndDeletePlugins - Checking if org.eclipse.equinox.frameworkadmin_2.0.200.v20150423-1455.jar required
2016-04-05 10:27:55.101 [Thread-2] INFO  c.importio.builder.bootstrap.Updater - uninstallAndDeletePlugins - Checking if org.eclipse.equinox.launcher.cocoa.macosx.x86_64_1.1.300.v20150602-1417 required
2016-04-05 10:27:55.101 [Thread-2] INFO  c.importio.builder.bootstrap.Updater - uninstallAndDeletePlugins - Checking if org.eclipse.equinox.launcher_1.3.100.v20150511-1540.jar required
2016-04-05 10:27:55.102 [Thread-2] INFO  c.importio.builder.bootstrap.Updater - uninstallAndDeletePlugins - Checking if org.eclipse.equinox.preferences_3.5.300.v20150408-1437.jar required
2016-04-05 10:27:55.102 [Thread-2] INFO  c.importio.builder.bootstrap.Updater - uninstallAndDeletePlugins - Checking if org.eclipse.equinox.registry_3.6.0.v20150318-1503.jar required
2016-04-05 10:27:55.102 [Thread-2] INFO  c.importio.builder.bootstrap.Updater - uninstallAndDeletePlugins - Checking if org.eclipse.osgi_3.10.100.v20150529-1857.jar required
2016-04-05 10:27:55.102 [Thread-2] INFO  c.importio.builder.bootstrap.Updater - uninstallAndDeletePlugins - Checking if org.eclipse.swt.cocoa.macosx.x86_64_3.104.0.v20150528-0211.jar required
2016-04-05 10:27:55.102 [Thread-2] INFO  c.importio.builder.bootstrap.Updater - uninstallAndDeletePlugins - Checking if org.eclipse.swt_3.104.0.v20150528-0211.jar required
2016-04-05 10:27:55.102 [Thread-2] INFO  c.importio.builder.bootstrap.Updater - uninstallAndDeletePlugins - Checking if org.h2_1.3.172.jar required
2016-04-05 10:27:55.103 [Thread-2] INFO  c.importio.builder.bootstrap.Updater - uninstallAndDeletePlugins - Checking if org.slf4j.api_1.6.4.jar required
2016-04-05 10:27:55.103 [Thread-2] INFO  c.importio.builder.bootstrap.Updater - uninstallAndDeletePlugins - Checking if org.slf4j.log4j_1.6.4.jar required
2016-04-05 10:27:55.103 [Thread-2] INFO  c.importio.builder.bootstrap.Updater - uninstallAndDeletePlugins - Checking if osgi.enterprise_4.2.0.v201108120515.jar required
2016-04-05 10:27:55.103 [Thread-2] INFO  c.importio.builder.bootstrap.Updater - uninstallAndDeletePlugins - Checking if projectlombok_1.16.0.jar required
2016-04-05 10:27:55.103 [Thread-2] INFO  c.importio.builder.bootstrap.Updater - currentConfig - update url is:- https://s3.amazonaws.com/importio-builder-updates/production
2016-04-05 10:27:55.106 [Thread-2] INFO  c.importio.builder.bootstrap.Updater - currentConfig - getting config:- https://s3.amazonaws.com/importio-builder-updates/production/macosx/cocoa/x86_64/configuration/config.ini
2016-04-05 10:27:55.822 [Thread-2] INFO  c.importio.builder.bootstrap.Updater - currentConfig - config read took 716 ms
2016-04-05 10:27:55.828 [Thread-2] WARN  c.i.b.bootstrap.LaunchConfigurer - currentJvmIsCorrectVersion - desired jvm version is:- 1.8.0_40
2016-04-05 10:27:55.829 [Thread-2] WARN  c.i.b.bootstrap.LaunchConfigurer - currentJvmIsCorrectVersion - current jvm is:- /Users/lucywilliams/Desktop/import.io.app/Contents/Resources/Java/jre-versions/jre1.8.0_40/lib/jli/libjli.dylib
2016-04-05 10:27:55.847 [Thread-2] INFO  c.importio.builder.bootstrap.Updater - uninstallAndDeletePlugins - Used bundles: [joda-time_2.7.0, org.eclipse.equinox.launcher_1.3.100.v20150511-1540, org.eclipse.equinox.frameworkadmin_2.0.200.v20150423-1455, com.importio.builder.bootstrap_1.0.0.20150715115244, com.google.guava_15.0.0, com.springsource.org.apache.xml.resolver_1.2.0, com.importio.systembundle_1.0.0.20150306155554, org.eclipse.equinox.app_1.3.300.v20150423-1356, com.fasterxml.jackson.core.jackson-core_2.5.1, javax.inject_1.0.0.v20091030, org.eclipse.swt_3.104.0.v20150528-0211, com.springsource.org.apache.commons.io_1.4.0, projectlombok_1.16.0, com.importio.builder_1.0.1.1437144645, org.slf4j.log4j_1.6.4, org.eclipse.core.runtime_3.11.0.v20150405-1723, osgi.enterprise_4.2.0.v201108120515, com.fasterxml.jackson.core.jackson-databind_2.5.1, org.eclipse.core.jobs_3.7.0.v20150330-2103, org.eclipse.equinox.frameworkadmin.equinox_1.0.600.v20150522-2234, org.eclipse.equinox.common_3.7.0.v20150402-1709, org.h2_1.3.172, nu.validator.htmlparser_1.0.0.20150326135404, org.eclipse.equinox.preferences_3.5.300.v20150408-1437, org.eclipse.equinox.launcher.cocoa.macosx.x86_64_1.1.300.v20150602-1417, org.eclipse.swt.cocoa.macosx.x86_64_3.104.0.v20150528-0211, com.fasterxml.jackson.datatype.jackson-datatype-guava_2.2.2, org.apache.httpcomponents.httpcore_4.3.2, ch.qos.logback.classic_1.0.0.v20111214-2030, ch.qos.logback.slf4j_1.0.0.v20120123-1500, net.sf.jtidy_1.0.0, com.fasterxml.jackson.core.jackson-annotations_2.5.1, jrobotx_0.2.0, net.javacrumbs.json2xml_4.1.0, org.apache.commons.lang_2.4.0, org.eclipse.osgi_3.10.100.v20150529-1857, com.importio.builder.logging_1.0.1.20150319160206, org.eclipse.equinox.registry_3.6.0.v20150318-1503, org.apache.servicemix.bundles.saxon_9.5.1.1_1, org.eclipse.core.contenttype_3.5.0.v20150421-2214, javax.servlet_3.1.0.v201410161800, org.slf4j.api_1.6.4, ch.qos.logback.core_1.0.0.v20111214-2030]
2016-04-05 10:27:55.847 [Thread-2] INFO  c.importio.builder.bootstrap.Updater - uninstallAndDeletePlugins - Checking if ch.qos.logback.classic_1.0.0.v20111214-2030.jar required
2016-04-05 10:27:55.847 [Thread-2] INFO  c.importio.builder.bootstrap.Updater - uninstallAndDeletePlugins - Checking if ch.qos.logback.core_1.0.0.v20111214-2030.jar required
2016-04-05 10:27:55.848 [Thread-2] INFO  c.importio.builder.bootstrap.Updater - uninstallAndDeletePlugins - Checking if ch.qos.logback.slf4j_1.0.0.v20120123-1500.jar required
2016-04-05 10:27:55.848 [Thread-2] INFO  c.importio.builder.bootstrap.Updater - uninstallAndDeletePlugins - Checking if com.fasterxml.jackson.core.jackson-annotations_2.5.1.jar required
2016-04-05 10:27:55.848 [Thread-2] INFO  c.importio.builder.bootstrap.Updater - uninstallAndDeletePlugins - Checking if com.fasterxml.jackson.core.jackson-core_2.5.1.jar required
2016-04-05 10:27:55.848 [Thread-2] INFO  c.importio.builder.bootstrap.Updater - uninstallAndDeletePlugins - Checking if com.fasterxml.jackson.core.jackson-databind_2.5.1.jar required
2016-04-05 10:27:55.848 [Thread-2] INFO  c.importio.builder.bootstrap.Updater - uninstallAndDeletePlugins - Checking if com.fasterxml.jackson.datatype.jackson-datatype-guava_2.2.2.jar required
2016-04-05 10:27:55.848 [Thread-2] INFO  c.importio.builder.bootstrap.Updater - uninstallAndDeletePlugins - Checking if com.google.guava_15.0.0.jar required
2016-04-05 10:27:55.848 [Thread-2] INFO  c.importio.builder.bootstrap.Updater - uninstallAndDeletePlugins - Checking if com.importio.builder.bootstrap_1.0.0.20150715115244.jar required
2016-04-05 10:27:55.848 [Thread-2] INFO  c.importio.builder.bootstrap.Updater - uninstallAndDeletePlugins - Checking if com.importio.builder.logging_1.0.1.20150319160206.jar required
2016-04-05 10:27:55.849 [Thread-2] INFO  c.importio.builder.bootstrap.Updater - uninstallAndDeletePlugins - Checking if com.importio.builder_1.0.1.1437144645.jar required
2016-04-05 10:27:55.849 [Thread-2] INFO  c.importio.builder.bootstrap.Updater - uninstallAndDeletePlugins - Checking if com.importio.systembundle_1.0.0.20150306155554.jar required
2016-04-05 10:27:55.849 [Thread-2] INFO  c.importio.builder.bootstrap.Updater - uninstallAndDeletePlugins - Checking if com.springsource.org.apache.commons.io_1.4.0.jar required
2016-04-05 10:27:55.849 [Thread-2] INFO  c.importio.builder.bootstrap.Updater - uninstallAndDeletePlugins - Checking if com.springsource.org.apache.xml.resolver_1.2.0.jar required
2016-04-05 10:27:55.849 [Thread-2] INFO  c.importio.builder.bootstrap.Updater - uninstallAndDeletePlugins - Checking if javax.inject_1.0.0.v20091030.jar required
2016-04-05 10:27:55.849 [Thread-2] INFO  c.importio.builder.bootstrap.Updater - uninstallAndDeletePlugins - Checking if javax.servlet_3.1.0.v201410161800.jar required
2016-04-05 10:27:55.849 [Thread-2] INFO  c.importio.builder.bootstrap.Updater - uninstallAndDeletePlugins - Checking if joda-time_2.7.0.jar required
2016-04-05 10:27:55.849 [Thread-2] INFO  c.importio.builder.bootstrap.Updater - uninstallAndDeletePlugins - Checking if jrobotx_0.2.0.jar required
2016-04-05 10:27:55.849 [Thread-2] INFO  c.importio.builder.bootstrap.Updater - uninstallAndDeletePlugins - Checking if net.javacrumbs.json2xml_4.1.0.jar required
2016-04-05 10:27:55.849 [Thread-2] INFO  c.importio.builder.bootstrap.Updater - uninstallAndDeletePlugins - Checking if net.sf.jtidy_1.0.0.jar required
2016-04-05 10:27:55.849 [Thread-2] INFO  c.importio.builder.bootstrap.Updater - uninstallAndDeletePlugins - Checking if nu.validator.htmlparser_1.0.0.20150326135404.jar required
2016-04-05 10:27:55.850 [Thread-2] INFO  c.importio.builder.bootstrap.Updater - uninstallAndDeletePlugins - Checking if org.apache.commons.lang_2.4.0 required
2016-04-05 10:27:55.850 [Thread-2] INFO  c.importio.builder.bootstrap.Updater - uninstallAndDeletePlugins - Checking if org.apache.httpcomponents.httpcore_4.3.2.jar required
2016-04-05 10:27:55.850 [Thread-2] INFO  c.importio.builder.bootstrap.Updater - uninstallAndDeletePlugins - Checking if org.apache.servicemix.bundles.saxon_9.5.1.1_1.jar required
2016-04-05 10:27:55.850 [Thread-2] INFO  c.importio.builder.bootstrap.Updater - uninstallAndDeletePlugins - Checking if org.eclipse.core.contenttype_3.5.0.v20150421-2214.jar required
2016-04-05 10:27:55.850 [Thread-2] INFO  c.importio.builder.bootstrap.Updater - uninstallAndDeletePlugins - Checking if org.eclipse.core.jobs_3.7.0.v20150330-2103.jar required
2016-04-05 10:27:55.850 [Thread-2] INFO  c.importio.builder.bootstrap.Updater - uninstallAndDeletePlugins - Checking if org.eclipse.core.runtime_3.11.0.v20150405-1723.jar required
2016-04-05 10:27:55.850 [Thread-2] INFO  c.importio.builder.bootstrap.Updater - uninstallAndDeletePlugins - Checking if org.eclipse.equinox.app_1.3.300.v20150423-1356.jar required
2016-04-05 10:27:55.850 [Thread-2] INFO  c.importio.builder.bootstrap.Updater - uninstallAndDeletePlugins - Checking if org.eclipse.equinox.common_3.7.0.v20150402-1709.jar required
2016-04-05 10:27:55.850 [Thread-2] INFO  c.importio.builder.bootstrap.Updater - uninstallAndDeletePlugins - Checking if org.eclipse.equinox.frameworkadmin.equinox_1.0.600.v20150522-2234.jar required
2016-04-05 10:27:55.850 [Thread-2] INFO  c.importio.builder.bootstrap.Updater - uninstallAndDeletePlugins - Checking if org.eclipse.equinox.frameworkadmin_2.0.200.v20150423-1455.jar required
2016-04-05 10:27:55.850 [Thread-2] INFO  c.importio.builder.bootstrap.Updater - uninstallAndDeletePlugins - Checking if org.eclipse.equinox.launcher.cocoa.macosx.x86_64_1.1.300.v20150602-1417 required
2016-04-05 10:27:55.851 [Thread-2] INFO  c.importio.builder.bootstrap.Updater - uninstallAndDeletePlugins - Checking if org.eclipse.equinox.launcher_1.3.100.v20150511-1540.jar required
2016-04-05 10:27:55.851 [Thread-2] INFO  c.importio.builder.bootstrap.Updater - uninstallAndDeletePlugins - Checking if org.eclipse.equinox.preferences_3.5.300.v20150408-1437.jar required
2016-04-05 10:27:55.851 [Thread-2] INFO  c.importio.builder.bootstrap.Updater - uninstallAndDeletePlugins - Checking if org.eclipse.equinox.registry_3.6.0.v20150318-1503.jar required
2016-04-05 10:27:55.851 [Thread-2] INFO  c.importio.builder.bootstrap.Updater - uninstallAndDeletePlugins - Checking if org.eclipse.osgi_3.10.100.v20150529-1857.jar required
2016-04-05 10:27:55.851 [Thread-2] INFO  c.importio.builder.bootstrap.Updater - uninstallAndDeletePlugins - Checking if org.eclipse.swt.cocoa.macosx.x86_64_3.104.0.v20150528-0211.jar required
2016-04-05 10:27:55.851 [Thread-2] INFO  c.importio.builder.bootstrap.Updater - uninstallAndDeletePlugins - Checking if org.eclipse.swt_3.104.0.v20150528-0211.jar required
2016-04-05 10:27:55.851 [Thread-2] INFO  c.importio.builder.bootstrap.Updater - uninstallAndDeletePlugins - Checking if org.h2_1.3.172.jar required
2016-04-05 10:27:55.851 [Thread-2] INFO  c.importio.builder.bootstrap.Updater - uninstallAndDeletePlugins - Checking if org.slf4j.api_1.6.4.jar required
2016-04-05 10:27:55.863 [Thread-2] INFO  c.importio.builder.bootstrap.Updater - uninstallAndDeletePlugins - Checking if org.slf4j.log4j_1.6.4.jar required
2016-04-05 10:27:55.864 [Thread-2] INFO  c.importio.builder.bootstrap.Updater - uninstallAndDeletePlugins - Checking if osgi.enterprise_4.2.0.v201108120515.jar required
2016-04-05 10:27:55.864 [Thread-2] INFO  c.importio.builder.bootstrap.Updater - uninstallAndDeletePlugins - Checking if projectlombok_1.16.0.jar required
2016-04-05 10:27:55.866 [Thread-2] INFO  c.i.b.bootstrap.BootstrapApplication - onStart - normal start-up nothing changed...
2016-04-05 10:27:55.866 [Thread-2] INFO  c.i.b.bootstrap.BootstrapApplication - onStart - running starter
2016-04-05 10:27:56.130 [builder] WARN  m.cl - c - Using xul @ /Users/lucywilliams/Desktop/import.io.app/Contents/Resources/Java/xulrunner-versions/24/xulrunner
2016-04-05 10:28:09.060 [SWT Thread] WARN  m.bw - run - Cannot get favicon
java.lang.InterruptedException: null
	at java.util.concurrent.FutureTask.awaitDone(FutureTask.java:404) ~[na:1.8.0_40]
	at java.util.concurrent.FutureTask.get(FutureTask.java:191) ~[na:1.8.0_40]
	at m.ca.run(Unknown Source) ~[na:na]
	at java.util.concurrent.Executors$RunnableAdapter.call(Executors.java:511) ~[na:1.8.0_40]
	at java.util.concurrent.FutureTask.run(FutureTask.java:266) ~[na:1.8.0_40]
	at java.util.concurrent.ThreadPoolExecutor.runWorker(ThreadPoolExecutor.java:1142) ~[na:1.8.0_40]
	at java.util.concurrent.ThreadPoolExecutor$Worker.run(ThreadPoolExecutor.java:617) ~[na:1.8.0_40]
	at java.lang.Thread.run(Thread.java:745) ~[na:1.8.0_40]
2016-04-05 10:29:17.565 [SWT Thread] INFO  c.i.builder.bootstrap.ui.SwtUI - stop - Stopping the event loop
